#
# There is insufficient memory for the Java Runtime Environment to continue.
# Native memory allocation (malloc) failed to allocate 703376 bytes for Chunk::new
# Possible reasons:
#   The system is out of physical RAM or swap space
#   The process is running with CompressedOops enabled, and the Java Heap may be blocking the growth of the native heap
# Possible solutions:
#   Reduce memory load on the system
#   Increase physical memory or swap space
#   Check if swap backing store is full
#   Decrease Java heap size (-Xmx/-Xms)
#   Decrease number of Java threads
#   Decrease Java thread stack sizes (-Xss)
#   Set larger code cache with -XX:ReservedCodeCacheSize=
#   JVM is running with Unscaled Compressed Oops mode in which the Java heap is
#     placed in the first 4GB address space. The Java Heap base address is the
#     maximum limit for the native heap growth. Please use -XX:HeapBaseMinAddress
#     to set the Java Heap base and to place the Java Heap above 4GB virtual address.
# This output file may be truncated or incomplete.
#
#  Out of Memory Error (allocation.cpp:389), pid=2368, tid=0x0000000000003f44
#
# JRE version: OpenJDK Runtime Environment (8.0_202-b03) (build 1.8.0_202-release-1483-b03)
# Java VM: OpenJDK 64-Bit Server VM (25.202-b03 mixed mode windows-amd64 compressed oops)
# Failed to write core dump. Minidumps are not enabled by default on client versions of Windows
#

---------------  T H R E A D  ---------------

Current thread (0x00000000185d4800):  JavaThread "C2 CompilerThread1" daemon [_thread_in_native, id=16196, stack(0x0000000018fa0000,0x00000000190a0000)]

Stack: [0x0000000018fa0000,0x00000000190a0000]
[error occurred during error reporting (printing stack bounds), id 0xc0000005]

Native frames: (J=compiled Java code, j=interpreted, Vv=VM code, C=native code)


Current CompileTask:
C2: 211459 6706       4       org.gradle.internal.serialize.kryo.StringDeduplicatingKryoBackedEncoder::writeNullableString (55 bytes)


---------------  P R O C E S S  ---------------

Java Threads: ( => current thread )
  0x000000001e452800 JavaThread "Cache worker for Build Output Cleanup Cache (C:\AndroidStudioProjects\CSAApp-notices-events\.gradle\buildOutputCleanup)" [_thread_blocked, id=18252, stack(0x0000000024900000,0x0000000024a00000)]
  0x000000001e451800 JavaThread "Build operations Thread 8" [_thread_blocked, id=7132, stack(0x0000000023800000,0x0000000023900000)]
  0x000000001e44e000 JavaThread "Build operations Thread 7" [_thread_blocked, id=8820, stack(0x0000000023050000,0x0000000023150000)]
  0x000000001e450000 JavaThread "Build operations Thread 6" [_thread_blocked, id=2028, stack(0x0000000022f50000,0x0000000023050000)]
  0x000000001e44d000 JavaThread "Build operations Thread 5" [_thread_blocked, id=12828, stack(0x0000000022e50000,0x0000000022f50000)]
  0x000000001e44e800 JavaThread "Build operations Thread 4" [_thread_blocked, id=17504, stack(0x0000000022d50000,0x0000000022e50000)]
  0x000000001e451000 JavaThread "Build operations Thread 3" [_thread_blocked, id=7772, stack(0x0000000022c50000,0x0000000022d50000)]
  0x000000001e44f800 JavaThread "Build operations Thread 2" [_thread_blocked, id=14060, stack(0x0000000022b50000,0x0000000022c50000)]
  0x000000001e445800 JavaThread "Build operations" [_thread_blocked, id=14716, stack(0x0000000022a50000,0x0000000022b50000)]
  0x000000001e44c800 JavaThread "Cache worker for cache directory md-rule (C:\.gradle\caches\5.4.1\md-rule)" [_thread_blocked, id=8312, stack(0x0000000022670000,0x0000000022770000)]
  0x000000001e447000 JavaThread "Cache worker for cache directory md-supplier (C:\.gradle\caches\5.4.1\md-supplier)" [_thread_blocked, id=13860, stack(0x000000001fa60000,0x000000001fb60000)]
  0x000000001e44b000 JavaThread "Cache worker for file hash cache (C:\AndroidStudioProjects\CSAApp-notices-events\.gradle\5.4.1\fileHashes)" [_thread_blocked, id=15112, stack(0x000000001f960000,0x000000001fa60000)]
  0x000000001e445000 JavaThread "Thread-40" [_thread_blocked, id=1572, stack(0x000000001f860000,0x000000001f960000)]
  0x000000001e446800 JavaThread "Stdin handler" [_thread_blocked, id=13752, stack(0x000000001f760000,0x000000001f860000)]
  0x000000001e44b800 JavaThread "Asynchronous log dispatcher for DefaultDaemonConnection: socket connection from /127.0.0.1:63381 to /127.0.0.1:63654" [_thread_blocked, id=17556, stack(0x000000001bdf0000,0x000000001bef0000)]
  0x000000001e443800 JavaThread "Daemon worker Thread 2" [_thread_in_Java, id=1044, stack(0x000000001baf0000,0x000000001bbf0000)]
  0x000000001e444000 JavaThread "Cancel handler" [_thread_blocked, id=14732, stack(0x000000001b9f0000,0x000000001baf0000)]
  0x000000001e44a000 JavaThread "Handler for socket connection from /127.0.0.1:63381 to /127.0.0.1:63654" [_thread_in_native, id=4236, stack(0x000000001b6f0000,0x000000001b7f0000)]
  0x000000001e448800 JavaThread "Daemon Thread 2" [_thread_blocked, id=2460, stack(0x000000001b5f0000,0x000000001b6f0000)]
  0x000000002058b800 JavaThread "Memory manager" [_thread_blocked, id=6628, stack(0x0000000024800000,0x0000000024900000)]
  0x0000000020582800 JavaThread "Cache worker for execution history cache (C:\.gradle\caches\5.4.1\executionHistory)" [_thread_blocked, id=13372, stack(0x0000000022170000,0x0000000022270000)]
  0x00000000185d9800 JavaThread "Cache worker for journal cache (C:\.gradle\caches\journal-1)" [_thread_blocked, id=5712, stack(0x000000001c0f0000,0x000000001c1f0000)]
  0x00000000185dc800 JavaThread "File lock request listener" [_thread_in_native, id=12564, stack(0x000000001bff0000,0x000000001c0f0000)]
  0x0000000018904800 JavaThread "Cache worker for file hash cache (C:\.gradle\caches\5.4.1\fileHashes)" [_thread_blocked, id=6884, stack(0x000000001bef0000,0x000000001bff0000)]
  0x000000001963d000 JavaThread "Daemon periodic checks" [_thread_blocked, id=6076, stack(0x000000001b4f0000,0x000000001b5f0000)]
  0x0000000019605000 JavaThread "Incoming local TCP Connector on port 63381" [_thread_in_native, id=10916, stack(0x000000001b2b0000,0x000000001b3b0000)]
  0x000000001a342800 JavaThread "Daemon health stats" [_thread_blocked, id=18340, stack(0x000000001ac70000,0x000000001ad70000)]
  0x0000000018664000 JavaThread "Service Thread" daemon [_thread_blocked, id=13800, stack(0x00000000192a0000,0x00000000193a0000)]
  0x00000000185db800 JavaThread "C1 CompilerThread3" daemon [_thread_in_native, id=17152, stack(0x00000000191a0000,0x00000000192a0000)]
  0x00000000185db000 JavaThread "C2 CompilerThread2" daemon [_thread_in_native, id=13980, stack(0x00000000190a0000,0x00000000191a0000)]
=>0x00000000185d4800 JavaThread "C2 CompilerThread1" daemon [_thread_in_native, id=16196, stack(0x0000000018fa0000,0x00000000190a0000)]
  0x00000000185cd000 JavaThread "C2 CompilerThread0" daemon [_thread_in_native, id=4124, stack(0x0000000018ea0000,0x0000000018fa0000)]
  0x00000000185cc000 JavaThread "Attach Listener" daemon [_thread_blocked, id=16428, stack(0x0000000018da0000,0x0000000018ea0000)]
  0x00000000185cb000 JavaThread "Signal Dispatcher" daemon [_thread_blocked, id=14912, stack(0x0000000018ca0000,0x0000000018da0000)]
  0x00000000185c0800 JavaThread "Finalizer" daemon [_thread_blocked, id=484, stack(0x0000000018aa0000,0x0000000018ba0000)]
  0x00000000167ac800 JavaThread "Reference Handler" daemon [_thread_blocked, id=10416, stack(0x00000000189a0000,0x0000000018aa0000)]
  0x00000000027ee000 JavaThread "main" [_thread_blocked, id=16324, stack(0x00000000027f0000,0x00000000028f0000)]

Other Threads:
  0x00000000167a7800 VMThread [stack: 0x00000000184a0000,0x00000000185a0000] [id=4436]
  0x0000000018664800 WatcherThread [stack: 0x00000000193a0000,0x00000000194a0000] [id=14884]

VM state:not at safepoint (normal execution)

VM Mutex/Monitor currently owned by a thread: None

heap address: 0x00000000a0000000, size: 1536 MB, Compressed Oops mode: 32-bit
Narrow klass base: 0x0000000000000000, Narrow klass shift: 3
Compressed class space size: 1073741824 Address: 0x0000000100000000

Heap:
 PSYoungGen      total 201216K, used 105582K [0x00000000e0000000, 0x00000000efb00000, 0x0000000100000000)
  eden space 182272K, 57% used [0x00000000e0000000,0x00000000e671bb28,0x00000000eb200000)
  from space 18944K, 0% used [0x00000000ec500000,0x00000000ec500000,0x00000000ed780000)
  to   space 19456K, 0% used [0x00000000eb200000,0x00000000eb200000,0x00000000ec500000)
 ParOldGen       total 114688K, used 27699K [0x00000000a0000000, 0x00000000a7000000, 0x00000000e0000000)
  object space 114688K, 24% used [0x00000000a0000000,0x00000000a1b0cf58,0x00000000a7000000)
 Metaspace       used 61335K, capacity 62950K, committed 63576K, reserved 1103872K
  class space    used 8067K, capacity 8456K, committed 8576K, reserved 1048576K

Card table byte_map: [0x0000000011db0000,0x00000000120c0000] byte_map_base: 0x00000000118b0000

Marking Bits: (ParMarkBitMap*) 0x00000000759e9f30
 Begin Bits: [0x0000000012ac0000, 0x00000000142c0000)
 End Bits:   [0x00000000142c0000, 0x0000000015ac0000)

Polling page: 0x0000000000d50000

CodeCache: size=245760Kb used=18784Kb max_used=18803Kb free=226975Kb
 bounds [0x00000000029f0000, 0x0000000003c70000, 0x00000000119f0000]
 total_blobs=6890 nmethods=6099 adapters=702
 compilation: enabled

Compilation events (10 events):
Event: 211.427 Thread 0x00000000185db800 nmethod 7020 0x0000000003c44610 code [0x0000000003c44760, 0x0000000003c448f0]
Event: 211.427 Thread 0x00000000185db800 7021   !   3       java.util.concurrent.LinkedBlockingQueue::offer (130 bytes)
Event: 211.429 Thread 0x00000000185db800 nmethod 7021 0x0000000003c44990 code [0x0000000003c44c40, 0x0000000003c46228]
Event: 211.430 Thread 0x00000000185db800 7022       3       java.util.TreeSet::<init> (12 bytes)
Event: 211.430 Thread 0x00000000185db800 nmethod 7022 0x0000000003c46dd0 code [0x0000000003c46f60, 0x0000000003c473b0]
Event: 211.431 Thread 0x00000000185db800 7023       3       org.gradle.execution.plan.DefaultExecutionPlan$1::execute (9 bytes)
Event: 211.431 Thread 0x00000000185db800 nmethod 7023 0x0000000003c475d0 code [0x0000000003c47760, 0x0000000003c47bf8]
Event: 211.431 Thread 0x00000000185db800 7025       3       org.gradle.execution.plan.Node::require (23 bytes)
Event: 211.431 Thread 0x00000000185db800 nmethod 7025 0x0000000003c47d90 code [0x0000000003c47ee0, 0x0000000003c480b0]
Event: 211.432 Thread 0x00000000185db800 7024       3       org.gradle.execution.plan.DefaultExecutionPlan$1::execute (24 bytes)

GC Heap History (10 events):
Event: 10.440 GC heap before
{Heap before GC invocations=11 (full 2):
 PSYoungGen      total 120832K, used 10088K [0x00000000e0000000, 0x00000000eab00000, 0x0000000100000000)
  eden space 110080K, 0% used [0x00000000e0000000,0x00000000e0000000,0x00000000e6b80000)
  from space 10752K, 93% used [0x00000000e6b80000,0x00000000e755a270,0x00000000e7600000)
  to   space 11776K, 0% used [0x00000000e9f80000,0x00000000e9f80000,0x00000000eab00000)
 ParOldGen       total 55808K, used 7512K [0x00000000a0000000, 0x00000000a3680000, 0x00000000e0000000)
  object space 55808K, 13% used [0x00000000a0000000,0x00000000a07561b0,0x00000000a3680000)
 Metaspace       used 34655K, capacity 35304K, committed 35416K, reserved 1079296K
  class space    used 4757K, capacity 4945K, committed 4992K, reserved 1048576K
Event: 10.523 GC heap after
Heap after GC invocations=11 (full 2):
 PSYoungGen      total 120832K, used 0K [0x00000000e0000000, 0x00000000eab00000, 0x0000000100000000)
  eden space 110080K, 0% used [0x00000000e0000000,0x00000000e0000000,0x00000000e6b80000)
  from space 10752K, 0% used [0x00000000e6b80000,0x00000000e6b80000,0x00000000e7600000)
  to   space 11776K, 0% used [0x00000000e9f80000,0x00000000e9f80000,0x00000000eab00000)
 ParOldGen       total 85504K, used 16603K [0x00000000a0000000, 0x00000000a5380000, 0x00000000e0000000)
  object space 85504K, 19% used [0x00000000a0000000,0x00000000a1036fe0,0x00000000a5380000)
 Metaspace       used 34633K, capacity 35232K, committed 35416K, reserved 1079296K
  class space    used 4750K, capacity 4933K, committed 4992K, reserved 1048576K
}
Event: 12.584 GC heap before
{Heap before GC invocations=12 (full 2):
 PSYoungGen      total 120832K, used 110080K [0x00000000e0000000, 0x00000000eab00000, 0x0000000100000000)
  eden space 110080K, 100% used [0x00000000e0000000,0x00000000e6b80000,0x00000000e6b80000)
  from space 10752K, 0% used [0x00000000e6b80000,0x00000000e6b80000,0x00000000e7600000)
  to   space 11776K, 0% used [0x00000000e9f80000,0x00000000e9f80000,0x00000000eab00000)
 ParOldGen       total 85504K, used 16603K [0x00000000a0000000, 0x00000000a5380000, 0x00000000e0000000)
  object space 85504K, 19% used [0x00000000a0000000,0x00000000a1036fe0,0x00000000a5380000)
 Metaspace       used 45015K, capacity 45952K, committed 46296K, reserved 1089536K
  class space    used 6063K, capacity 6325K, committed 6400K, reserved 1048576K
Event: 12.603 GC heap after
Heap after GC invocations=12 (full 2):
 PSYoungGen      total 154112K, used 11753K [0x00000000e0000000, 0x00000000eab00000, 0x0000000100000000)
  eden space 142336K, 0% used [0x00000000e0000000,0x00000000e0000000,0x00000000e8b00000)
  from space 11776K, 99% used [0x00000000e9f80000,0x00000000eaafa578,0x00000000eab00000)
  to   space 13824K, 0% used [0x00000000e9000000,0x00000000e9000000,0x00000000e9d80000)
 ParOldGen       total 85504K, used 19553K [0x00000000a0000000, 0x00000000a5380000, 0x00000000e0000000)
  object space 85504K, 22% used [0x00000000a0000000,0x00000000a1318710,0x00000000a5380000)
 Metaspace       used 45015K, capacity 45952K, committed 46296K, reserved 1089536K
  class space    used 6063K, capacity 6325K, committed 6400K, reserved 1048576K
}
Event: 15.484 GC heap before
{Heap before GC invocations=13 (full 2):
 PSYoungGen      total 154112K, used 154089K [0x00000000e0000000, 0x00000000eab00000, 0x0000000100000000)
  eden space 142336K, 100% used [0x00000000e0000000,0x00000000e8b00000,0x00000000e8b00000)
  from space 11776K, 99% used [0x00000000e9f80000,0x00000000eaafa578,0x00000000eab00000)
  to   space 13824K, 0% used [0x00000000e9000000,0x00000000e9000000,0x00000000e9d80000)
 ParOldGen       total 85504K, used 19553K [0x00000000a0000000, 0x00000000a5380000, 0x00000000e0000000)
  object space 85504K, 22% used [0x00000000a0000000,0x00000000a1318710,0x00000000a5380000)
 Metaspace       used 56792K, capacity 58472K, committed 58584K, reserved 1099776K
  class space    used 7745K, capacity 8143K, committed 8192K, reserved 1048576K
Event: 15.519 GC heap after
Heap after GC invocations=13 (full 2):
 PSYoungGen      total 161280K, used 13823K [0x00000000e0000000, 0x00000000ed780000, 0x0000000100000000)
  eden space 147456K, 0% used [0x00000000e0000000,0x00000000e0000000,0x00000000e9000000)
  from space 13824K, 99% used [0x00000000e9000000,0x00000000e9d7fcc0,0x00000000e9d80000)
  to   space 18944K, 0% used [0x00000000ec500000,0x00000000ec500000,0x00000000ed780000)
 ParOldGen       total 85504K, used 28202K [0x00000000a0000000, 0x00000000a5380000, 0x00000000e0000000)
  object space 85504K, 32% used [0x00000000a0000000,0x00000000a1b8a8d8,0x00000000a5380000)
 Metaspace       used 56792K, capacity 58472K, committed 58584K, reserved 1099776K
  class space    used 7745K, capacity 8143K, committed 8192K, reserved 1048576K
}
Event: 15.555 GC heap before
{Heap before GC invocations=14 (full 2):
 PSYoungGen      total 161280K, used 19334K [0x00000000e0000000, 0x00000000ed780000, 0x0000000100000000)
  eden space 147456K, 3% used [0x00000000e0000000,0x00000000e0561cc8,0x00000000e9000000)
  from space 13824K, 99% used [0x00000000e9000000,0x00000000e9d7fcc0,0x00000000e9d80000)
  to   space 18944K, 0% used [0x00000000ec500000,0x00000000ec500000,0x00000000ed780000)
 ParOldGen       total 85504K, used 28202K [0x00000000a0000000, 0x00000000a5380000, 0x00000000e0000000)
  object space 85504K, 32% used [0x00000000a0000000,0x00000000a1b8a8d8,0x00000000a5380000)
 Metaspace       used 56990K, capacity 58948K, committed 59028K, reserved 1099776K
  class space    used 7796K, capacity 8243K, committed 8320K, reserved 1048576K
Event: 15.566 GC heap after
Heap after GC invocations=14 (full 2):
 PSYoungGen      total 201216K, used 320K [0x00000000e0000000, 0x00000000efb00000, 0x0000000100000000)
  eden space 182272K, 0% used [0x00000000e0000000,0x00000000e0000000,0x00000000eb200000)
  from space 18944K, 1% used [0x00000000ec500000,0x00000000ec550000,0x00000000ed780000)
  to   space 19456K, 0% used [0x00000000eb200000,0x00000000eb200000,0x00000000ec500000)
 ParOldGen       total 85504K, used 34431K [0x00000000a0000000, 0x00000000a5380000, 0x00000000e0000000)
  object space 85504K, 40% used [0x00000000a0000000,0x00000000a219fdb0,0x00000000a5380000)
 Metaspace       used 56990K, capacity 58948K, committed 59028K, reserved 1099776K
  class space    used 7796K, capacity 8243K, committed 8320K, reserved 1048576K
}
Event: 15.566 GC heap before
{Heap before GC invocations=15 (full 3):
 PSYoungGen      total 201216K, used 320K [0x00000000e0000000, 0x00000000efb00000, 0x0000000100000000)
  eden space 182272K, 0% used [0x00000000e0000000,0x00000000e0000000,0x00000000eb200000)
  from space 18944K, 1% used [0x00000000ec500000,0x00000000ec550000,0x00000000ed780000)
  to   space 19456K, 0% used [0x00000000eb200000,0x00000000eb200000,0x00000000ec500000)
 ParOldGen       total 85504K, used 34431K [0x00000000a0000000, 0x00000000a5380000, 0x00000000e0000000)
  object space 85504K, 40% used [0x00000000a0000000,0x00000000a219fdb0,0x00000000a5380000)
 Metaspace       used 56990K, capacity 58948K, committed 59028K, reserved 1099776K
  class space    used 7796K, capacity 8243K, committed 8320K, reserved 1048576K
Event: 15.933 GC heap after
Heap after GC invocations=15 (full 3):
 PSYoungGen      total 201216K, used 0K [0x00000000e0000000, 0x00000000efb00000, 0x0000000100000000)
  eden space 182272K, 0% used [0x00000000e0000000,0x00000000e0000000,0x00000000eb200000)
  from space 18944K, 0% used [0x00000000ec500000,0x00000000ec500000,0x00000000ed780000)
  to   space 19456K, 0% used [0x00000000eb200000,0x00000000eb200000,0x00000000ec500000)
 ParOldGen       total 114688K, used 27699K [0x00000000a0000000, 0x00000000a7000000, 0x00000000e0000000)
  object space 114688K, 24% used [0x00000000a0000000,0x00000000a1b0cf58,0x00000000a7000000)
 Metaspace       used 56768K, capacity 58286K, committed 59028K, reserved 1099776K
  class space    used 7727K, capacity 8122K, committed 8320K, reserved 1048576K
}

Deoptimization events (10 events):
Event: 210.952 Thread 0x000000001e443800 Uncommon trap: reason=bimorphic action=maybe_recompile pc=0x0000000003b26090 method=com.google.common.cache.LocalCache$Segment.getEntry(Ljava/lang/Object;I)Lcom/google/common/cache/ReferenceEntry; @ 24
Event: 210.954 Thread 0x000000001e443800 Uncommon trap: reason=bimorphic action=maybe_recompile pc=0x0000000003b26090 method=com.google.common.cache.LocalCache$Segment.getEntry(Ljava/lang/Object;I)Lcom/google/common/cache/ReferenceEntry; @ 24
Event: 210.956 Thread 0x000000001e443800 Uncommon trap: reason=bimorphic action=maybe_recompile pc=0x0000000003b26090 method=com.google.common.cache.LocalCache$Segment.getEntry(Ljava/lang/Object;I)Lcom/google/common/cache/ReferenceEntry; @ 24
Event: 211.179 Thread 0x000000001e443800 Uncommon trap: reason=null_check action=make_not_entrant pc=0x0000000003b1df28 method=sun.nio.fs.NativeBuffers.getNativeBufferFromCache(I)Lsun/nio/fs/NativeBuffer; @ 6
Event: 211.179 Thread 0x000000001e443800 Uncommon trap: reason=null_check action=make_not_entrant pc=0x0000000003b241bc method=sun.nio.fs.NativeBuffers.releaseNativeBuffer(Lsun/nio/fs/NativeBuffer;)V @ 6
Event: 211.209 Thread 0x000000001e443800 Uncommon trap: reason=class_check action=maybe_recompile pc=0x0000000003b26068 method=com.google.common.base.Equivalence$Equals.doEquivalent(Ljava/lang/Object;Ljava/lang/Object;)Z @ 2
Event: 211.209 Thread 0x000000001e443800 Uncommon trap: reason=class_check action=maybe_recompile pc=0x0000000003b26068 method=com.google.common.base.Equivalence$Equals.doEquivalent(Ljava/lang/Object;Ljava/lang/Object;)Z @ 2
Event: 211.209 Thread 0x000000001e443800 Uncommon trap: reason=class_check action=maybe_recompile pc=0x0000000003b26068 method=com.google.common.base.Equivalence$Equals.doEquivalent(Ljava/lang/Object;Ljava/lang/Object;)Z @ 2
Event: 211.209 Thread 0x000000001e443800 Uncommon trap: reason=class_check action=maybe_recompile pc=0x0000000003b26068 method=com.google.common.base.Equivalence$Equals.doEquivalent(Ljava/lang/Object;Ljava/lang/Object;)Z @ 2
Event: 211.307 Thread 0x000000001e443800 Uncommon trap: reason=class_check action=maybe_recompile pc=0x00000000034fd570 method=java.util.Collections$SynchronizedCollection.add(Ljava/lang/Object;)Z @ 12

Classes redefined (0 events):
No events

Internal exceptions (10 events):
Event: 16.283 Thread 0x0000000018930800 Exception <a 'java/lang/NoSuchMethodError': <clinit>> (0x00000000e004e138) thrown at [D:\src\AOSP-openjdk-cygwin\jdk8u\hotspot\src\share\vm\prims\jni.cpp, line 1614]
Event: 16.284 Thread 0x0000000018930800 Exception <a 'java/lang/NoSuchMethodError': <clinit>> (0x00000000e005a688) thrown at [D:\src\AOSP-openjdk-cygwin\jdk8u\hotspot\src\share\vm\prims\jni.cpp, line 1614]
Event: 16.324 Thread 0x0000000018930800 Exception <a 'java/lang/NoSuchMethodError': <clinit>> (0x00000000e1ae4890) thrown at [D:\src\AOSP-openjdk-cygwin\jdk8u\hotspot\src\share\vm\prims\jni.cpp, line 1614]
Event: 16.328 Thread 0x0000000018930800 Exception <a 'java/lang/NoSuchMethodError': <clinit>> (0x00000000e1af60d8) thrown at [D:\src\AOSP-openjdk-cygwin\jdk8u\hotspot\src\share\vm\prims\jni.cpp, line 1614]
Event: 16.328 Thread 0x0000000018930800 Exception <a 'java/lang/NoSuchMethodError': <clinit>> (0x00000000e1af7bf0) thrown at [D:\src\AOSP-openjdk-cygwin\jdk8u\hotspot\src\share\vm\prims\jni.cpp, line 1614]
Event: 16.884 Thread 0x0000000018930800 Exception <a 'java/lang/NoSuchMethodError': <clinit>> (0x00000000e33ebf50) thrown at [D:\src\AOSP-openjdk-cygwin\jdk8u\hotspot\src\share\vm\prims\jni.cpp, line 1614]
Event: 16.961 Thread 0x0000000018929800 Exception <a 'sun/nio/fs/WindowsException'> (0x00000000e31965c0) thrown at [D:\src\AOSP-openjdk-cygwin\jdk8u\hotspot\src\share\vm\prims\jni.cpp, line 710]
Event: 210.938 Thread 0x000000001e443800 Implicit null exception at 0x000000000381f5ef to 0x000000000381f68d
Event: 210.938 Thread 0x000000001e443800 Implicit null exception at 0x000000000332e62f to 0x000000000332e6cd
Event: 211.179 Thread 0x000000001e443800 Implicit null exception at 0x0000000003b23ec0 to 0x0000000003b241ac

Events (10 events):
Event: 211.291 Thread 0x00000000185db800 flushing nmethod 0x0000000002e482d0
Event: 211.292 Thread 0x00000000185db800 flushing nmethod 0x0000000002eec7d0
Event: 211.304 Thread 0x00000000185db800 flushing nmethod 0x0000000003833c10
Event: 211.306 Thread 0x000000001e443800 Uncommon trap: trap_request=0xffffffde fr.pc=0x00000000034fd570
Event: 211.306 Executing VM operation: RevokeBias
Event: 211.307 Executing VM operation: RevokeBias done
Event: 211.307 Thread 0x000000001e443800 DEOPT PACKING pc=0x00000000034fd570 sp=0x000000001bbea840
Event: 211.307 Thread 0x000000001e443800 DEOPT UNPACKING pc=0x0000000002a3557b sp=0x000000001bbea830 mode 2
Event: 211.316 loading class kotlin/reflect/jvm/internal/pcollections/ConsPStack$Itr
Event: 211.316 loading class kotlin/reflect/jvm/internal/pcollections/ConsPStack$Itr done


Dynamic libraries:
0x00007ff7392a0000 - 0x00007ff7392d1000 	C:\Program Files\Android\Android Studio\jre\bin\java.exe
0x00007fff3c5e0000 - 0x00007fff3c7d0000 	C:\WINDOWS\SYSTEM32\ntdll.dll
0x00007fff27f90000 - 0x00007fff27fa4000 	C:\Program Files\AVG\Antivirus\aswhook.dll
0x00007fff3b330000 - 0x00007fff3b3e2000 	C:\WINDOWS\System32\KERNEL32.DLL
0x00007fff3a090000 - 0x00007fff3a333000 	C:\WINDOWS\System32\KERNELBASE.dll
0x00007fff3aff0000 - 0x00007fff3b093000 	C:\WINDOWS\System32\ADVAPI32.dll
0x00007fff3a780000 - 0x00007fff3a81e000 	C:\WINDOWS\System32\msvcrt.dll
0x00007fff3ac90000 - 0x00007fff3ad27000 	C:\WINDOWS\System32\sechost.dll
0x00007fff3c390000 - 0x00007fff3c4b0000 	C:\WINDOWS\System32\RPCRT4.dll
0x00007fff3baf0000 - 0x00007fff3bc84000 	C:\WINDOWS\System32\USER32.dll
0x00007fff3a3e0000 - 0x00007fff3a401000 	C:\WINDOWS\System32\win32u.dll
0x00007fff3a6f0000 - 0x00007fff3a716000 	C:\WINDOWS\System32\GDI32.dll
0x00007fff39e50000 - 0x00007fff39fe4000 	C:\WINDOWS\System32\gdi32full.dll
0x00007fff3a340000 - 0x00007fff3a3de000 	C:\WINDOWS\System32\msvcp_win.dll
0x00007fff39570000 - 0x00007fff3966a000 	C:\WINDOWS\System32\ucrtbase.dll
0x00007fff1ed70000 - 0x00007fff1eff5000 	C:\WINDOWS\WinSxS\amd64_microsoft.windows.common-controls_6595b64144ccf1df_6.0.18362.657_none_e6c5b579130e3898\COMCTL32.dll
0x00007fff3bec0000 - 0x00007fff3c1f6000 	C:\WINDOWS\System32\combase.dll
0x00007fff39ff0000 - 0x00007fff3a070000 	C:\WINDOWS\System32\bcryptPrimitives.dll
0x00007fff3b300000 - 0x00007fff3b32e000 	C:\WINDOWS\System32\IMM32.DLL
0x0000000074ec0000 - 0x0000000074f92000 	C:\Program Files\Android\Android Studio\jre\jre\bin\msvcr100.dll
0x0000000075220000 - 0x0000000075a66000 	C:\Program Files\Android\Android Studio\jre\jre\bin\server\jvm.dll
0x00007fff3bae0000 - 0x00007fff3bae8000 	C:\WINDOWS\System32\PSAPI.DLL
0x00007fff1a5d0000 - 0x00007fff1a5d9000 	C:\WINDOWS\SYSTEM32\WSOCK32.dll
0x00007fff3c530000 - 0x00007fff3c59f000 	C:\WINDOWS\System32\WS2_32.dll
0x00007fff37500000 - 0x00007fff37524000 	C:\WINDOWS\SYSTEM32\WINMM.dll
0x00007fff32df0000 - 0x00007fff32dfa000 	C:\WINDOWS\SYSTEM32\VERSION.dll
0x00007fff37080000 - 0x00007fff370ad000 	C:\WINDOWS\SYSTEM32\WINMMBASE.dll
0x00007fff3a610000 - 0x00007fff3a65a000 	C:\WINDOWS\System32\cfgmgr32.dll
0x00007fff33670000 - 0x00007fff3367f000 	C:\Program Files\Android\Android Studio\jre\jre\bin\verify.dll
0x00007fff1abb0000 - 0x00007fff1abd9000 	C:\Program Files\Android\Android Studio\jre\jre\bin\java.dll
0x00007fff1fa50000 - 0x00007fff1fa66000 	C:\Program Files\Android\Android Studio\jre\jre\bin\zip.dll
0x00007fff3b3f0000 - 0x00007fff3bad5000 	C:\WINDOWS\System32\SHELL32.dll
0x00007fff3c2e0000 - 0x00007fff3c389000 	C:\WINDOWS\System32\shcore.dll
0x00007fff39670000 - 0x00007fff39def000 	C:\WINDOWS\System32\windows.storage.dll
0x00007fff39550000 - 0x00007fff3956f000 	C:\WINDOWS\System32\profapi.dll
0x00007fff394c0000 - 0x00007fff3950a000 	C:\WINDOWS\System32\powrprof.dll
0x00007fff394b0000 - 0x00007fff394c0000 	C:\WINDOWS\System32\UMPDC.dll
0x00007fff3a720000 - 0x00007fff3a772000 	C:\WINDOWS\System32\shlwapi.dll
0x00007fff39530000 - 0x00007fff39541000 	C:\WINDOWS\System32\kernel.appcore.dll
0x00007fff3a070000 - 0x00007fff3a087000 	C:\WINDOWS\System32\cryptsp.dll
0x00007fff1d650000 - 0x00007fff1d66a000 	C:\Program Files\Android\Android Studio\jre\jre\bin\net.dll
0x00007fff38d20000 - 0x00007fff38d87000 	C:\WINDOWS\system32\mswsock.dll
0x00007fff1bcd0000 - 0x00007fff1bce1000 	C:\Program Files\Android\Android Studio\jre\jre\bin\nio.dll
0x00007fff0b090000 - 0x00007fff0b0b6000 	C:\.gradle\native\29\windows-amd64\native-platform.dll
0x00007fff2cdb0000 - 0x00007fff2cdbd000 	C:\Program Files\Android\Android Studio\jre\jre\bin\management.dll
0x00007fff38890000 - 0x00007fff388c3000 	C:\WINDOWS\system32\rsaenh.dll
0x00007fff3a660000 - 0x00007fff3a686000 	C:\WINDOWS\System32\bcrypt.dll
0x00007fff393d0000 - 0x00007fff393f5000 	C:\WINDOWS\SYSTEM32\USERENV.dll
0x00007fff38ef0000 - 0x00007fff38efc000 	C:\WINDOWS\SYSTEM32\CRYPTBASE.dll
0x00007fff38a30000 - 0x00007fff38a6a000 	C:\WINDOWS\SYSTEM32\IPHLPAPI.DLL
0x00007fff3c2d0000 - 0x00007fff3c2d8000 	C:\WINDOWS\System32\NSI.dll
0x00007fff23980000 - 0x00007fff23996000 	C:\WINDOWS\SYSTEM32\dhcpcsvc6.DLL
0x00007fff238e0000 - 0x00007fff238fc000 	C:\WINDOWS\SYSTEM32\dhcpcsvc.DLL
0x00007fff38a70000 - 0x00007fff38b3a000 	C:\WINDOWS\SYSTEM32\DNSAPI.dll

VM Arguments:
jvm_args: -Xmx1536m -Dfile.encoding=windows-1252 -Duser.country=IN -Duser.language=en -Duser.variant 
java_command: org.gradle.launcher.daemon.bootstrap.GradleDaemon 5.4.1
java_class_path (initial): C:\.gradle\wrapper\dists\gradle-5.4.1-all\3221gyojl5jsh0helicew7rwx\gradle-5.4.1\lib\gradle-launcher-5.4.1.jar
Launcher Type: SUN_STANDARD

Environment Variables:
PATH=C:\windows\system32;C:\windows;C:\windows\System32\Wbem;C:\windows\System32\WindowsPowerShell\v1.0\;C:\windows\System32\OpenSSH\;C:\Program Files\NVIDIA Corporation\NVIDIA NvDLISR;C:\Program Files\Intel\WiFi\bin\;C:\Program Files\Common Files\Intel\WirelessCommon\;C:\WINDOWS\system32;C:\WINDOWS;C:\WINDOWS\System32\Wbem;C:\WINDOWS\System32\WindowsPowerShell\v1.0\;C:\WINDOWS\System32\OpenSSH\;C:\Program Files\Git\cmd;C:\Program Files (x86)\NVIDIA Corporation\PhysX\Common;C:\Program Files\nodejs\;C:\Program Files\Amazon\AWSCLI\bin\;C:\Users\R B DANUSH SAI\AppData\Local\Programs\Python\Python37-32\Scripts\;C:\Users\R B DANUSH SAI\AppData\Local\Programs\Python\Python37-32\;C:\Users\R B DANUSH SAI\AppData\Local\Microsoft\WindowsApps;C:\Users\R B DANUSH SAI\AppData\Roaming\npm
USERNAME=R B DANUSH SAI
OS=Windows_NT
PROCESSOR_IDENTIFIER=Intel64 Family 6 Model 142 Stepping 11, GenuineIntel



---------------  S Y S T E M  ---------------

OS: Windows 10.0 , 64 bit Build 18362 (10.0.18362.329)

CPU:total 8 (initial active 8) (4 cores per cpu, 2 threads per core) family 6 model 142 stepping 11, cmov, cx8, fxsr, mmx, sse, sse2, sse3, ssse3, sse4.1, sse4.2, popcnt, avx, avx2, aes, clmul, erms, 3dnowpref, lzcnt, ht, tsc, tscinvbit, bmi1, bmi2, adx

Memory: 4k page, physical 8273204k(1253972k free), swap 35536180k(18548k free)

vm_info: OpenJDK 64-Bit Server VM (25.202-b03) for windows-amd64 JRE (1.8.0_202-release-1483-b03), built by "builder" with MS VC++ 10.0 (VS2010)

time: Thu Feb 20 19:48:55 2020
timezone: India Standard Time
elapsed time: 211 seconds (0d 0h 3m 31s)

