#
# There is insufficient memory for the Java Runtime Environment to continue.
# Native memory allocation (malloc) failed to allocate 1477968 bytes for Chunk::new
# Possible reasons:
#   The system is out of physical RAM or swap space
#   The process is running with CompressedOops enabled, and the Java Heap may be blocking the growth of the native heap
# Possible solutions:
#   Reduce memory load on the system
#   Increase physical memory or swap space
#   Check if swap backing store is full
#   Decrease Java heap size (-Xmx/-Xms)
#   Decrease number of Java threads
#   Decrease Java thread stack sizes (-Xss)
#   Set larger code cache with -XX:ReservedCodeCacheSize=
#   JVM is running with Unscaled Compressed Oops mode in which the Java heap is
#     placed in the first 4GB address space. The Java Heap base address is the
#     maximum limit for the native heap growth. Please use -XX:HeapBaseMinAddress
#     to set the Java Heap base and to place the Java Heap above 4GB virtual address.
# This output file may be truncated or incomplete.
#
#  Out of Memory Error (allocation.cpp:389), pid=5380, tid=0x0000000000001ef8
#
# JRE version: OpenJDK Runtime Environment (8.0_202-b03) (build 1.8.0_202-release-1483-b03)
# Java VM: OpenJDK 64-Bit Server VM (25.202-b03 mixed mode windows-amd64 compressed oops)
# Failed to write core dump. Minidumps are not enabled by default on client versions of Windows
#

---------------  T H R E A D  ---------------

Current thread (0x00000000180e2800):  JavaThread "C2 CompilerThread2" daemon [_thread_in_native, id=7928, stack(0x0000000018bb0000,0x0000000018cb0000)]

Stack: [0x0000000018bb0000,0x0000000018cb0000]
[error occurred during error reporting (printing stack bounds), id 0xc0000005]

Native frames: (J=compiled Java code, j=interpreted, Vv=VM code, C=native code)


Current CompileTask:
C2:   5778 1436   !   4       java.net.URLClassLoader$1::run (63 bytes)


---------------  P R O C E S S  ---------------

Java Threads: ( => current thread )
  0x000000001a382000 JavaThread "Cache worker for file hash cache (C:\AndroidStudioProjects\CSAApp-notices-events\.gradle\5.4.1\fileHashes)" [_thread_blocked, id=18044, stack(0x000000001f430000,0x000000001f530000)]
  0x000000001a384000 JavaThread "Cache worker for journal cache (C:\.gradle\caches\journal-1)" [_thread_blocked, id=4088, stack(0x000000001cbd0000,0x000000001ccd0000)]
  0x000000001a386800 JavaThread "File lock request listener" [_thread_in_native, id=10752, stack(0x000000001cad0000,0x000000001cbd0000)]
  0x000000001a385800 JavaThread "Cache worker for file hash cache (C:\.gradle\caches\5.4.1\fileHashes)" [_thread_blocked, id=1484, stack(0x000000001c9d0000,0x000000001cad0000)]
  0x0000000019211800 JavaThread "Thread-9" [_thread_blocked, id=12972, stack(0x000000001b900000,0x000000001ba00000)]
  0x000000001920c800 JavaThread "Stdin handler" [_thread_blocked, id=11748, stack(0x000000001b800000,0x000000001b900000)]
  0x000000001a199800 JavaThread "Asynchronous log dispatcher for DefaultDaemonConnection: socket connection from /127.0.0.1:63780 to /127.0.0.1:63781" [_thread_blocked, id=752, stack(0x000000001b700000,0x000000001b800000)]
  0x0000000019261000 JavaThread "Daemon worker" [_thread_in_vm, id=16304, stack(0x000000001b600000,0x000000001b700000)]
  0x00000000183ed000 JavaThread "Cancel handler" [_thread_blocked, id=11096, stack(0x000000001b500000,0x000000001b600000)]
  0x0000000019242800 JavaThread "Handler for socket connection from /127.0.0.1:63780 to /127.0.0.1:63781" [_thread_in_native, id=14332, stack(0x000000001b200000,0x000000001b300000)]
  0x0000000019249000 JavaThread "Daemon" [_thread_blocked, id=12904, stack(0x000000001b100000,0x000000001b200000)]
  0x0000000019160000 JavaThread "Daemon periodic checks" [_thread_blocked, id=2116, stack(0x000000001b000000,0x000000001b100000)]
  0x000000001918a800 JavaThread "Incoming local TCP Connector on port 63780" [_thread_in_native, id=15472, stack(0x000000001adc0000,0x000000001aec0000)]
  0x000000001a142000 JavaThread "Daemon health stats" [_thread_blocked, id=14168, stack(0x000000001a780000,0x000000001a880000)]
  0x00000000162be800 JavaThread "Service Thread" daemon [_thread_blocked, id=15484, stack(0x0000000018db0000,0x0000000018eb0000)]
  0x00000000162bb000 JavaThread "C1 CompilerThread3" daemon [_thread_blocked, id=4616, stack(0x0000000018cb0000,0x0000000018db0000)]
=>0x00000000180e2800 JavaThread "C2 CompilerThread2" daemon [_thread_in_native, id=7928, stack(0x0000000018bb0000,0x0000000018cb0000)]
  0x00000000180e0800 JavaThread "C2 CompilerThread1" daemon [_thread_in_native, id=4680, stack(0x0000000018ab0000,0x0000000018bb0000)]
  0x00000000180dd000 JavaThread "C2 CompilerThread0" daemon [_thread_blocked, id=2192, stack(0x00000000189b0000,0x0000000018ab0000)]
  0x00000000180dc000 JavaThread "Attach Listener" daemon [_thread_blocked, id=13504, stack(0x00000000188b0000,0x00000000189b0000)]
  0x00000000180da800 JavaThread "Signal Dispatcher" daemon [_thread_blocked, id=10144, stack(0x00000000187b0000,0x00000000188b0000)]
  0x00000000180d1800 JavaThread "Finalizer" daemon [_thread_blocked, id=10040, stack(0x00000000185b0000,0x00000000186b0000)]
  0x00000000180d0800 JavaThread "Reference Handler" daemon [_thread_blocked, id=3428, stack(0x00000000184b0000,0x00000000185b0000)]
  0x0000000000ace000 JavaThread "main" [_thread_blocked, id=4652, stack(0x00000000022b0000,0x00000000023b0000)]

Other Threads:
  0x00000000162a7800 VMThread [stack: 0x0000000017fb0000,0x00000000180b0000] [id=9248]
  0x0000000018177000 WatcherThread [stack: 0x0000000018eb0000,0x0000000018fb0000] [id=6792]

VM state:not at safepoint (normal execution)

VM Mutex/Monitor currently owned by a thread:  ([mutex/lock_event])
[0x00000000023f1d50] Compile_lock - owner thread: 0x0000000000000000

heap address: 0x00000000a0000000, size: 1536 MB, Compressed Oops mode: 32-bit
Narrow klass base: 0x0000000000000000, Narrow klass shift: 3
Compressed class space size: 1073741824 Address: 0x0000000100000000

Heap:
 PSYoungGen      total 38400K, used 18371K [0x00000000e0000000, 0x00000000e2a80000, 0x0000000100000000)
  eden space 33280K, 39% used [0x00000000e0000000,0x00000000e0cf4d78,0x00000000e2080000)
  from space 5120K, 99% used [0x00000000e2580000,0x00000000e2a7c030,0x00000000e2a80000)
  to   space 5120K, 0% used [0x00000000e2080000,0x00000000e2080000,0x00000000e2580000)
 ParOldGen       total 87552K, used 4904K [0x00000000a0000000, 0x00000000a5580000, 0x00000000e0000000)
  object space 87552K, 5% used [0x00000000a0000000,0x00000000a04ca070,0x00000000a5580000)
 Metaspace       used 17340K, capacity 17710K, committed 18048K, reserved 1064960K
  class space    used 2505K, capacity 2639K, committed 2688K, reserved 1048576K

Card table byte_map: [0x00000000118b0000,0x0000000011bc0000] byte_map_base: 0x00000000113b0000

Marking Bits: (ParMarkBitMap*) 0x00000000759e9f30
 Begin Bits: [0x00000000125c0000, 0x0000000013dc0000)
 End Bits:   [0x0000000013dc0000, 0x00000000155c0000)

Polling page: 0x00000000008d0000

CodeCache: size=245760Kb used=5441Kb max_used=5441Kb free=240318Kb
 bounds [0x00000000024f0000, 0x0000000002a50000, 0x00000000114f0000]
 total_blobs=1966 nmethods=1568 adapters=311
 compilation: enabled

Compilation events (10 events):
Event: 5.755 Thread 0x00000000180dd000 1566       4       java.security.CodeSource::getCertificates (98 bytes)
Event: 5.756 Thread 0x00000000180dd000 nmethod 1566 0x0000000002a40f50 code [0x0000000002a41080, 0x0000000002a41118]
Event: 5.760 Thread 0x00000000162bb000 1567       3       sun.reflect.generics.parser.SignatureParser::parseFieldTypeSignature (6 bytes)
Event: 5.761 Thread 0x00000000162bb000 nmethod 1567 0x0000000002a40bd0 code [0x0000000002a40d40, 0x0000000002a40ec8]
Event: 5.761 Thread 0x00000000162bb000 1568       3       sun.reflect.generics.parser.SignatureParser::parseFieldTypeSignature (73 bytes)
Event: 5.761 Thread 0x00000000162bb000 nmethod 1568 0x0000000002a402d0 code [0x0000000002a404c0, 0x0000000002a40978]
Event: 5.761 Thread 0x00000000162bb000 1569       3       org.gradle.internal.service.AbstractServiceMethod::<init> (42 bytes)
Event: 5.763 Thread 0x00000000162bb000 nmethod 1569 0x0000000002a411d0 code [0x0000000002a41440, 0x0000000002a42728]
Event: 5.763 Thread 0x00000000162bb000 1570   !   3       sun.reflect.generics.factory.CoreReflectionFactory::makeNamedType (21 bytes)
Event: 5.764 Thread 0x00000000162bb000 nmethod 1570 0x0000000002a3fd10 code [0x0000000002a3fea0, 0x0000000002a40168]

GC Heap History (8 events):
Event: 1.786 GC heap before
{Heap before GC invocations=1 (full 0):
 PSYoungGen      total 38400K, used 33280K [0x00000000e0000000, 0x00000000e2a80000, 0x0000000100000000)
  eden space 33280K, 100% used [0x00000000e0000000,0x00000000e2080000,0x00000000e2080000)
  from space 5120K, 0% used [0x00000000e2580000,0x00000000e2580000,0x00000000e2a80000)
  to   space 5120K, 0% used [0x00000000e2080000,0x00000000e2080000,0x00000000e2580000)
 ParOldGen       total 87552K, used 0K [0x00000000a0000000, 0x00000000a5580000, 0x00000000e0000000)
  object space 87552K, 0% used [0x00000000a0000000,0x00000000a0000000,0x00000000a5580000)
 Metaspace       used 6964K, capacity 7176K, committed 7424K, reserved 1056768K
  class space    used 850K, capacity 908K, committed 1024K, reserved 1048576K
Event: 1.797 GC heap after
Heap after GC invocations=1 (full 0):
 PSYoungGen      total 38400K, used 4167K [0x00000000e0000000, 0x00000000e2a80000, 0x0000000100000000)
  eden space 33280K, 0% used [0x00000000e0000000,0x00000000e0000000,0x00000000e2080000)
  from space 5120K, 81% used [0x00000000e2080000,0x00000000e2491d70,0x00000000e2580000)
  to   space 5120K, 0% used [0x00000000e2580000,0x00000000e2580000,0x00000000e2a80000)
 ParOldGen       total 87552K, used 8K [0x00000000a0000000, 0x00000000a5580000, 0x00000000e0000000)
  object space 87552K, 0% used [0x00000000a0000000,0x00000000a0002000,0x00000000a5580000)
 Metaspace       used 6964K, capacity 7176K, committed 7424K, reserved 1056768K
  class space    used 850K, capacity 908K, committed 1024K, reserved 1048576K
}
Event: 2.441 GC heap before
{Heap before GC invocations=2 (full 0):
 PSYoungGen      total 38400K, used 37447K [0x00000000e0000000, 0x00000000e2a80000, 0x0000000100000000)
  eden space 33280K, 100% used [0x00000000e0000000,0x00000000e2080000,0x00000000e2080000)
  from space 5120K, 81% used [0x00000000e2080000,0x00000000e2491d70,0x00000000e2580000)
  to   space 5120K, 0% used [0x00000000e2580000,0x00000000e2580000,0x00000000e2a80000)
 ParOldGen       total 87552K, used 8K [0x00000000a0000000, 0x00000000a5580000, 0x00000000e0000000)
  object space 87552K, 0% used [0x00000000a0000000,0x00000000a0002000,0x00000000a5580000)
 Metaspace       used 9176K, capacity 9462K, committed 9600K, reserved 1056768K
  class space    used 1216K, capacity 1325K, committed 1408K, reserved 1048576K
Event: 2.449 GC heap after
Heap after GC invocations=2 (full 0):
 PSYoungGen      total 38400K, used 4820K [0x00000000e0000000, 0x00000000e2a80000, 0x0000000100000000)
  eden space 33280K, 0% used [0x00000000e0000000,0x00000000e0000000,0x00000000e2080000)
  from space 5120K, 94% used [0x00000000e2580000,0x00000000e2a353a8,0x00000000e2a80000)
  to   space 5120K, 0% used [0x00000000e2080000,0x00000000e2080000,0x00000000e2580000)
 ParOldGen       total 87552K, used 16K [0x00000000a0000000, 0x00000000a5580000, 0x00000000e0000000)
  object space 87552K, 0% used [0x00000000a0000000,0x00000000a0004000,0x00000000a5580000)
 Metaspace       used 9176K, capacity 9462K, committed 9600K, reserved 1056768K
  class space    used 1216K, capacity 1325K, committed 1408K, reserved 1048576K
}
Event: 4.766 GC heap before
{Heap before GC invocations=3 (full 0):
 PSYoungGen      total 38400K, used 38100K [0x00000000e0000000, 0x00000000e2a80000, 0x0000000100000000)
  eden space 33280K, 100% used [0x00000000e0000000,0x00000000e2080000,0x00000000e2080000)
  from space 5120K, 94% used [0x00000000e2580000,0x00000000e2a353a8,0x00000000e2a80000)
  to   space 5120K, 0% used [0x00000000e2080000,0x00000000e2080000,0x00000000e2580000)
 ParOldGen       total 87552K, used 16K [0x00000000a0000000, 0x00000000a5580000, 0x00000000e0000000)
  object space 87552K, 0% used [0x00000000a0000000,0x00000000a0004000,0x00000000a5580000)
 Metaspace       used 13559K, capacity 13980K, committed 14080K, reserved 1060864K
  class space    used 1865K, capacity 1988K, committed 2048K, reserved 1048576K
Event: 4.780 GC heap after
Heap after GC invocations=3 (full 0):
 PSYoungGen      total 38400K, used 5104K [0x00000000e0000000, 0x00000000e2a80000, 0x0000000100000000)
  eden space 33280K, 0% used [0x00000000e0000000,0x00000000e0000000,0x00000000e2080000)
  from space 5120K, 99% used [0x00000000e2080000,0x00000000e257c030,0x00000000e2580000)
  to   space 5120K, 0% used [0x00000000e2580000,0x00000000e2580000,0x00000000e2a80000)
 ParOldGen       total 87552K, used 1819K [0x00000000a0000000, 0x00000000a5580000, 0x00000000e0000000)
  object space 87552K, 2% used [0x00000000a0000000,0x00000000a01c6e48,0x00000000a5580000)
 Metaspace       used 13559K, capacity 13980K, committed 14080K, reserved 1060864K
  class space    used 1865K, capacity 1988K, committed 2048K, reserved 1048576K
}
Event: 5.536 GC heap before
{Heap before GC invocations=4 (full 0):
 PSYoungGen      total 38400K, used 38384K [0x00000000e0000000, 0x00000000e2a80000, 0x0000000100000000)
  eden space 33280K, 100% used [0x00000000e0000000,0x00000000e2080000,0x00000000e2080000)
  from space 5120K, 99% used [0x00000000e2080000,0x00000000e257c030,0x00000000e2580000)
  to   space 5120K, 0% used [0x00000000e2580000,0x00000000e2580000,0x00000000e2a80000)
 ParOldGen       total 87552K, used 1819K [0x00000000a0000000, 0x00000000a5580000, 0x00000000e0000000)
  object space 87552K, 2% used [0x00000000a0000000,0x00000000a01c6e48,0x00000000a5580000)
 Metaspace       used 16372K, capacity 16780K, committed 17152K, reserved 1064960K
  class space    used 2334K, capacity 2478K, committed 2560K, reserved 1048576K
Event: 5.551 GC heap after
Heap after GC invocations=4 (full 0):
 PSYoungGen      total 38400K, used 5104K [0x00000000e0000000, 0x00000000e2a80000, 0x0000000100000000)
  eden space 33280K, 0% used [0x00000000e0000000,0x00000000e0000000,0x00000000e2080000)
  from space 5120K, 99% used [0x00000000e2580000,0x00000000e2a7c030,0x00000000e2a80000)
  to   space 5120K, 0% used [0x00000000e2080000,0x00000000e2080000,0x00000000e2580000)
 ParOldGen       total 87552K, used 4904K [0x00000000a0000000, 0x00000000a5580000, 0x00000000e0000000)
  object space 87552K, 5% used [0x00000000a0000000,0x00000000a04ca070,0x00000000a5580000)
 Metaspace       used 16372K, capacity 16780K, committed 17152K, reserved 1064960K
  class space    used 2334K, capacity 2478K, committed 2560K, reserved 1048576K
}

Deoptimization events (10 events):
Event: 4.404 Thread 0x0000000019261000 Uncommon trap: reason=bimorphic action=maybe_recompile pc=0x0000000002784ae4 method=java.util.HashMap.putVal(ILjava/lang/Object;Ljava/lang/Object;ZZ)Ljava/lang/Object; @ 253
Event: 4.404 Thread 0x0000000019261000 Uncommon trap: reason=bimorphic action=maybe_recompile pc=0x0000000002784ae4 method=java.util.HashMap.putVal(ILjava/lang/Object;Ljava/lang/Object;ZZ)Ljava/lang/Object; @ 253
Event: 4.405 Thread 0x0000000019261000 Uncommon trap: reason=bimorphic action=maybe_recompile pc=0x0000000002784ae4 method=java.util.HashMap.putVal(ILjava/lang/Object;Ljava/lang/Object;ZZ)Ljava/lang/Object; @ 253
Event: 4.405 Thread 0x0000000019261000 Uncommon trap: reason=bimorphic action=maybe_recompile pc=0x0000000002784ae4 method=java.util.HashMap.putVal(ILjava/lang/Object;Ljava/lang/Object;ZZ)Ljava/lang/Object; @ 253
Event: 4.405 Thread 0x0000000019261000 Uncommon trap: reason=bimorphic action=maybe_recompile pc=0x000000000277ca8c method=java.util.HashMap.putVal(ILjava/lang/Object;Ljava/lang/Object;ZZ)Ljava/lang/Object; @ 253
Event: 4.719 Thread 0x0000000019261000 Uncommon trap: reason=class_check action=maybe_recompile pc=0x00000000027d2bd8 method=java.util.regex.Matcher.match(II)Z @ 86
Event: 4.738 Thread 0x0000000019261000 Uncommon trap: reason=class_check action=maybe_recompile pc=0x00000000027d2bd8 method=java.util.regex.Matcher.match(II)Z @ 86
Event: 4.739 Thread 0x0000000019261000 Uncommon trap: reason=class_check action=maybe_recompile pc=0x00000000027d2bd8 method=java.util.regex.Matcher.match(II)Z @ 86
Event: 4.739 Thread 0x0000000019261000 Uncommon trap: reason=class_check action=maybe_recompile pc=0x000000000279badc method=java.util.regex.Matcher.match(II)Z @ 86
Event: 5.125 Thread 0x0000000019261000 Uncommon trap: reason=unstable_if action=reinterpret pc=0x00000000028a2f74 method=java.lang.String.lastIndexOf([CII[CIII)I @ 66

Classes redefined (0 events):
No events

Internal exceptions (10 events):
Event: 2.383 Thread 0x0000000000ace000 Exception <a 'java/lang/NoSuchFieldError': method resolution failed> (0x00000000e1e81b10) thrown at [D:\src\AOSP-openjdk-cygwin\jdk8u\hotspot\src\share\vm\prims\methodHandles.cpp, line 1167]
Event: 2.385 Thread 0x0000000000ace000 Exception <a 'java/lang/NoSuchFieldError': method resolution failed> (0x00000000e1e8f800) thrown at [D:\src\AOSP-openjdk-cygwin\jdk8u\hotspot\src\share\vm\prims\methodHandles.cpp, line 1167]
Event: 4.235 Thread 0x0000000000ace000 Exception <a 'java/io/IOException'> (0x00000000e068df28) thrown at [D:\src\AOSP-openjdk-cygwin\jdk8u\hotspot\src\share\vm\prims\jni.cpp, line 710]
Event: 4.318 Thread 0x0000000019242800 Exception <a 'java/lang/NoSuchMethodError': <clinit>> (0x00000000e087f440) thrown at [D:\src\AOSP-openjdk-cygwin\jdk8u\hotspot\src\share\vm\prims\jni.cpp, line 1614]
Event: 4.320 Thread 0x0000000019242800 Exception <a 'java/lang/NoSuchMethodError': <clinit>> (0x00000000e08891f0) thrown at [D:\src\AOSP-openjdk-cygwin\jdk8u\hotspot\src\share\vm\prims\jni.cpp, line 1614]
Event: 4.322 Thread 0x0000000019242800 Exception <a 'java/lang/NoSuchMethodError': <clinit>> (0x00000000e089d298) thrown at [D:\src\AOSP-openjdk-cygwin\jdk8u\hotspot\src\share\vm\prims\jni.cpp, line 1614]
Event: 4.335 Thread 0x0000000019242800 Exception <a 'java/lang/NoSuchMethodError': <clinit>> (0x00000000e08f7ed0) thrown at [D:\src\AOSP-openjdk-cygwin\jdk8u\hotspot\src\share\vm\prims\jni.cpp, line 1614]
Event: 4.344 Thread 0x0000000019242800 Exception <a 'java/lang/NoSuchMethodError': <clinit>> (0x00000000e092fdd8) thrown at [D:\src\AOSP-openjdk-cygwin\jdk8u\hotspot\src\share\vm\prims\jni.cpp, line 1614]
Event: 4.350 Thread 0x0000000019242800 Exception <a 'java/lang/NoSuchMethodError': <clinit>> (0x00000000e0965d10) thrown at [D:\src\AOSP-openjdk-cygwin\jdk8u\hotspot\src\share\vm\prims\jni.cpp, line 1614]
Event: 4.351 Thread 0x0000000019242800 Exception <a 'java/lang/NoSuchMethodError': <clinit>> (0x00000000e0971788) thrown at [D:\src\AOSP-openjdk-cygwin\jdk8u\hotspot\src\share\vm\prims\jni.cpp, line 1614]

Events (10 events):
Event: 5.774 loading class org/gradle/internal/execution/Context
Event: 5.774 loading class org/gradle/internal/execution/Context done
Event: 5.775 loading class org/gradle/internal/execution/CachingResult
Event: 5.775 loading class org/gradle/internal/execution/CachingResult done
Event: 5.775 loading class org/gradle/internal/execution/UpToDateResult
Event: 5.775 loading class org/gradle/internal/execution/UpToDateResult done
Event: 5.775 loading class org/gradle/internal/execution/SnapshotResult
Event: 5.775 loading class org/gradle/internal/execution/SnapshotResult done
Event: 5.776 loading class org/gradle/internal/execution/Result
Event: 5.776 loading class org/gradle/internal/execution/Result done


Dynamic libraries:
0x00007ff7392a0000 - 0x00007ff7392d1000 	C:\Program Files\Android\Android Studio\jre\bin\java.exe
0x00007fff3c5e0000 - 0x00007fff3c7d0000 	C:\WINDOWS\SYSTEM32\ntdll.dll
0x00007fff27f90000 - 0x00007fff27fa4000 	C:\Program Files\AVG\Antivirus\aswhook.dll
0x00007fff3b330000 - 0x00007fff3b3e2000 	C:\WINDOWS\System32\KERNEL32.DLL
0x00007fff3a090000 - 0x00007fff3a333000 	C:\WINDOWS\System32\KERNELBASE.dll
0x00007fff3aff0000 - 0x00007fff3b093000 	C:\WINDOWS\System32\ADVAPI32.dll
0x00007fff3a780000 - 0x00007fff3a81e000 	C:\WINDOWS\System32\msvcrt.dll
0x00007fff3ac90000 - 0x00007fff3ad27000 	C:\WINDOWS\System32\sechost.dll
0x00007fff3c390000 - 0x00007fff3c4b0000 	C:\WINDOWS\System32\RPCRT4.dll
0x00007fff3baf0000 - 0x00007fff3bc84000 	C:\WINDOWS\System32\USER32.dll
0x00007fff3a3e0000 - 0x00007fff3a401000 	C:\WINDOWS\System32\win32u.dll
0x00007fff3a6f0000 - 0x00007fff3a716000 	C:\WINDOWS\System32\GDI32.dll
0x00007fff39e50000 - 0x00007fff39fe4000 	C:\WINDOWS\System32\gdi32full.dll
0x00007fff3a340000 - 0x00007fff3a3de000 	C:\WINDOWS\System32\msvcp_win.dll
0x00007fff39570000 - 0x00007fff3966a000 	C:\WINDOWS\System32\ucrtbase.dll
0x00007fff1ed70000 - 0x00007fff1eff5000 	C:\WINDOWS\WinSxS\amd64_microsoft.windows.common-controls_6595b64144ccf1df_6.0.18362.657_none_e6c5b579130e3898\COMCTL32.dll
0x00007fff3bec0000 - 0x00007fff3c1f6000 	C:\WINDOWS\System32\combase.dll
0x00007fff39ff0000 - 0x00007fff3a070000 	C:\WINDOWS\System32\bcryptPrimitives.dll
0x00007fff3b300000 - 0x00007fff3b32e000 	C:\WINDOWS\System32\IMM32.DLL
0x0000000075060000 - 0x0000000075132000 	C:\Program Files\Android\Android Studio\jre\jre\bin\msvcr100.dll
0x0000000075220000 - 0x0000000075a66000 	C:\Program Files\Android\Android Studio\jre\jre\bin\server\jvm.dll
0x00007fff3bae0000 - 0x00007fff3bae8000 	C:\WINDOWS\System32\PSAPI.DLL
0x00007fff1a5d0000 - 0x00007fff1a5d9000 	C:\WINDOWS\SYSTEM32\WSOCK32.dll
0x00007fff3c530000 - 0x00007fff3c59f000 	C:\WINDOWS\System32\WS2_32.dll
0x00007fff37500000 - 0x00007fff37524000 	C:\WINDOWS\SYSTEM32\WINMM.dll
0x00007fff32df0000 - 0x00007fff32dfa000 	C:\WINDOWS\SYSTEM32\VERSION.dll
0x00007fff37080000 - 0x00007fff370ad000 	C:\WINDOWS\SYSTEM32\WINMMBASE.dll
0x00007fff3a610000 - 0x00007fff3a65a000 	C:\WINDOWS\System32\cfgmgr32.dll
0x00007fff37670000 - 0x00007fff3767f000 	C:\Program Files\Android\Android Studio\jre\jre\bin\verify.dll
0x00007fff1afb0000 - 0x00007fff1afd9000 	C:\Program Files\Android\Android Studio\jre\jre\bin\java.dll
0x00007fff2cdb0000 - 0x00007fff2cdc6000 	C:\Program Files\Android\Android Studio\jre\jre\bin\zip.dll
0x00007fff3b3f0000 - 0x00007fff3bad5000 	C:\WINDOWS\System32\SHELL32.dll
0x00007fff3c2e0000 - 0x00007fff3c389000 	C:\WINDOWS\System32\shcore.dll
0x00007fff39670000 - 0x00007fff39def000 	C:\WINDOWS\System32\windows.storage.dll
0x00007fff39550000 - 0x00007fff3956f000 	C:\WINDOWS\System32\profapi.dll
0x00007fff394c0000 - 0x00007fff3950a000 	C:\WINDOWS\System32\powrprof.dll
0x00007fff394b0000 - 0x00007fff394c0000 	C:\WINDOWS\System32\UMPDC.dll
0x00007fff3a720000 - 0x00007fff3a772000 	C:\WINDOWS\System32\shlwapi.dll
0x00007fff39530000 - 0x00007fff39541000 	C:\WINDOWS\System32\kernel.appcore.dll
0x00007fff3a070000 - 0x00007fff3a087000 	C:\WINDOWS\System32\cryptsp.dll
0x00007fff1fa50000 - 0x00007fff1fa6a000 	C:\Program Files\Android\Android Studio\jre\jre\bin\net.dll
0x00007fff38d20000 - 0x00007fff38d87000 	C:\WINDOWS\system32\mswsock.dll
0x00007fff1d650000 - 0x00007fff1d661000 	C:\Program Files\Android\Android Studio\jre\jre\bin\nio.dll
0x00007fff33620000 - 0x00007fff33646000 	C:\.gradle\native\29\windows-amd64\native-platform.dll
0x00007fff33670000 - 0x00007fff3367d000 	C:\Program Files\Android\Android Studio\jre\jre\bin\management.dll
0x00007fff38890000 - 0x00007fff388c3000 	C:\WINDOWS\system32\rsaenh.dll
0x00007fff3a660000 - 0x00007fff3a686000 	C:\WINDOWS\System32\bcrypt.dll
0x00007fff393d0000 - 0x00007fff393f5000 	C:\WINDOWS\SYSTEM32\USERENV.dll
0x00007fff38ef0000 - 0x00007fff38efc000 	C:\WINDOWS\SYSTEM32\CRYPTBASE.dll
0x00007fff38a30000 - 0x00007fff38a6a000 	C:\WINDOWS\SYSTEM32\IPHLPAPI.DLL
0x00007fff3c2d0000 - 0x00007fff3c2d8000 	C:\WINDOWS\System32\NSI.dll
0x00007fff23980000 - 0x00007fff23996000 	C:\WINDOWS\SYSTEM32\dhcpcsvc6.DLL
0x00007fff238e0000 - 0x00007fff238fc000 	C:\WINDOWS\SYSTEM32\dhcpcsvc.DLL
0x00007fff38a70000 - 0x00007fff38b3a000 	C:\WINDOWS\SYSTEM32\DNSAPI.dll

VM Arguments:
jvm_args: -Xmx1536m -Dfile.encoding=windows-1252 -Duser.country=IN -Duser.language=en -Duser.variant 
java_command: org.gradle.launcher.daemon.bootstrap.GradleDaemon 5.4.1
java_class_path (initial): C:\.gradle\wrapper\dists\gradle-5.4.1-all\3221gyojl5jsh0helicew7rwx\gradle-5.4.1\lib\gradle-launcher-5.4.1.jar
Launcher Type: SUN_STANDARD

Environment Variables:
PATH=C:\windows\system32;C:\windows;C:\windows\System32\Wbem;C:\windows\System32\WindowsPowerShell\v1.0\;C:\windows\System32\OpenSSH\;C:\Program Files\NVIDIA Corporation\NVIDIA NvDLISR;C:\Program Files\Intel\WiFi\bin\;C:\Program Files\Common Files\Intel\WirelessCommon\;C:\WINDOWS\system32;C:\WINDOWS;C:\WINDOWS\System32\Wbem;C:\WINDOWS\System32\WindowsPowerShell\v1.0\;C:\WINDOWS\System32\OpenSSH\;C:\Program Files\Git\cmd;C:\Program Files (x86)\NVIDIA Corporation\PhysX\Common;C:\Program Files\nodejs\;C:\Program Files\Amazon\AWSCLI\bin\;C:\Users\R B DANUSH SAI\AppData\Local\Programs\Python\Python37-32\Scripts\;C:\Users\R B DANUSH SAI\AppData\Local\Programs\Python\Python37-32\;C:\Users\R B DANUSH SAI\AppData\Local\Microsoft\WindowsApps;C:\Users\R B DANUSH SAI\AppData\Roaming\npm
USERNAME=R B DANUSH SAI
OS=Windows_NT
PROCESSOR_IDENTIFIER=Intel64 Family 6 Model 142 Stepping 11, GenuineIntel



---------------  S Y S T E M  ---------------

OS: Windows 10.0 , 64 bit Build 18362 (10.0.18362.329)

CPU:total 8 (initial active 8) (4 cores per cpu, 2 threads per core) family 6 model 142 stepping 11, cmov, cx8, fxsr, mmx, sse, sse2, sse3, ssse3, sse4.1, sse4.2, popcnt, avx, avx2, aes, clmul, erms, 3dnowpref, lzcnt, ht, tsc, tscinvbit, bmi1, bmi2, adx

Memory: 4k page, physical 8273204k(1045468k free), swap 35536180k(5836k free)

vm_info: OpenJDK 64-Bit Server VM (25.202-b03) for windows-amd64 JRE (1.8.0_202-release-1483-b03), built by "builder" with MS VC++ 10.0 (VS2010)

time: Thu Feb 20 19:50:31 2020
timezone: India Standard Time
elapsed time: 5 seconds (0d 0h 0m 5s)

